<?xml version="1.0" encoding="UTF-8"?>
<!-- Generated by org.testng.reporters.JUnitReportReporter -->
<testsuite skipped="0" hostname="zhaoxia-PC" name="testPackage.TestClass" tests="1" failures="0" timestamp="01 Aug 2018 06:56:36 GMT" time="35.691" errors="0">
  <testcase name="Login_failure" time="35.691" classname="testPackage.TestClass"/>
</testsuite> <!-- testPackage.TestClass -->
